<?xml version="1.0" encoding="UTF-8"?>
<testng-results ignored="0" total="1" passed="1" failed="0" skipped="0">
  <reporter-output>
  </reporter-output>
  <suite started-at="2024-03-08T11:00:38 IST" name="Default suite" finished-at="2024-03-08T11:01:27 IST" duration-ms="49756">
    <groups>
    </groups>
    <test started-at="2024-03-08T11:00:38 IST" name="Default test" finished-at="2024-03-08T11:01:27 IST" duration-ms="49756">
      <class name="testpkg.FBloginpageTest">
        <test-method is-config="true" signature="setUp()[pri:0, instance:testpkg.FBloginpageTest@4145bad8]" started-at="2024-03-08T11:00:38 IST" name="setUp" finished-at="2024-03-08T11:00:48 IST" duration-ms="10005" status="PASS">
          <reporter-output>
          </reporter-output>
        </test-method> <!-- setUp -->
        <test-method signature="credentialPass()[pri:0, instance:testpkg.FBloginpageTest@4145bad8]" started-at="2024-03-08T11:00:48 IST" name="credentialPass" finished-at="2024-03-08T11:01:27 IST" duration-ms="39663" status="PASS">
          <reporter-output>
          </reporter-output>
        </test-method> <!-- credentialPass -->
      </class> <!-- testpkg.FBloginpageTest -->
    </test> <!-- Default test -->
  </suite> <!-- Default suite -->
</testng-results>
